d:\c++project\project-about-c--\iocp聊天室\chatclient\chatclient\debug\chatclient.pch
d:\c++project\project-about-c--\iocp聊天室\chatclient\chatclient\debug\vc142.pdb
d:\c++project\project-about-c--\iocp聊天室\chatclient\chatclient\debug\vc142.idb
d:\c++project\project-about-c--\iocp聊天室\chatclient\chatclient\debug\pch.obj
d:\c++project\project-about-c--\iocp聊天室\chatclient\chatclient\debug\cprivatedlg.obj
d:\c++project\project-about-c--\iocp聊天室\chatclient\chatclient\debug\chatclient.obj
d:\c++project\project-about-c--\iocp聊天室\chatclient\chatclient\debug\ctcpsocket.obj
d:\c++project\project-about-c--\iocp聊天室\chatclient\chatclient\debug\cmychatserver.obj
d:\c++project\project-about-c--\iocp聊天室\chatclient\chatclient\debug\cjsonobject.obj
d:\c++project\project-about-c--\iocp聊天室\chatclient\chatclient\debug\cinitsocketlib.obj
d:\c++project\project-about-c--\iocp聊天室\chatclient\chatclient\debug\chatclientdlg.obj
d:\c++project\project-about-c--\iocp聊天室\chatclient\chatclient\debug\cjson.obj
d:\c++project\project-about-c--\iocp聊天室\chatclient\chatclient\debug\chatclient.res
d:\c++project\project-about-c--\iocp聊天室\chatclient\debug\chatclient.pdb
d:\c++project\project-about-c--\iocp聊天室\chatclient\chatclient\debug\chatclient.tlog\cl.command.1.tlog
d:\c++project\project-about-c--\iocp聊天室\chatclient\chatclient\debug\chatclient.tlog\cl.read.1.tlog
d:\c++project\project-about-c--\iocp聊天室\chatclient\chatclient\debug\chatclient.tlog\cl.write.1.tlog
d:\c++project\project-about-c--\iocp聊天室\chatclient\chatclient\debug\chatclient.tlog\link-cvtres.read.1.tlog
d:\c++project\project-about-c--\iocp聊天室\chatclient\chatclient\debug\chatclient.tlog\link-cvtres.write.1.tlog
d:\c++project\project-about-c--\iocp聊天室\chatclient\chatclient\debug\chatclient.tlog\link-mt.read.1.tlog
d:\c++project\project-about-c--\iocp聊天室\chatclient\chatclient\debug\chatclient.tlog\link-mt.write.1.tlog
d:\c++project\project-about-c--\iocp聊天室\chatclient\chatclient\debug\chatclient.tlog\link-rc.read.1.tlog
d:\c++project\project-about-c--\iocp聊天室\chatclient\chatclient\debug\chatclient.tlog\link-rc.write.1.tlog
d:\c++project\project-about-c--\iocp聊天室\chatclient\chatclient\debug\chatclient.tlog\link.command.1.tlog
d:\c++project\project-about-c--\iocp聊天室\chatclient\chatclient\debug\chatclient.tlog\link.read.1.tlog
d:\c++project\project-about-c--\iocp聊天室\chatclient\chatclient\debug\chatclient.tlog\link.write.1.tlog
d:\c++project\project-about-c--\iocp聊天室\chatclient\chatclient\debug\chatclient.tlog\rc.command.1.tlog
d:\c++project\project-about-c--\iocp聊天室\chatclient\chatclient\debug\chatclient.tlog\rc.read.1.tlog
d:\c++project\project-about-c--\iocp聊天室\chatclient\chatclient\debug\chatclient.tlog\rc.write.1.tlog
