d:\c++project\project-about-c--\iocp聊天室\chatserver\chatserver\debug\vc142.pdb
d:\c++project\project-about-c--\iocp聊天室\chatserver\chatserver\debug\vc142.idb
d:\c++project\project-about-c--\iocp聊天室\chatserver\chatserver\debug\chatserver.obj
d:\c++project\project-about-c--\iocp聊天室\chatserver\chatserver\debug\lock.obj
d:\c++project\project-about-c--\iocp聊天室\chatserver\chatserver\debug\ctcpsocket.obj
d:\c++project\project-about-c--\iocp聊天室\chatserver\chatserver\debug\cmychatserver.obj
d:\c++project\project-about-c--\iocp聊天室\chatserver\chatserver\debug\cjsonobject.obj
d:\c++project\project-about-c--\iocp聊天室\chatserver\chatserver\debug\cinitsocketlib.obj
d:\c++project\project-about-c--\iocp聊天室\chatserver\chatserver\debug\cbytestreambuff.obj
d:\c++project\project-about-c--\iocp聊天室\chatserver\chatserver\debug\ciocpsocket.obj
d:\c++project\project-about-c--\iocp聊天室\chatserver\chatserver\debug\cjson.obj
d:\c++project\project-about-c--\iocp聊天室\chatserver\debug\chatserver.exe
d:\c++project\project-about-c--\iocp聊天室\chatserver\debug\chatserver.ilk
d:\c++project\project-about-c--\iocp聊天室\chatserver\debug\chatserver.pdb
d:\c++project\project-about-c--\iocp聊天室\chatserver\chatserver\debug\chatserver.tlog\cl.command.1.tlog
d:\c++project\project-about-c--\iocp聊天室\chatserver\chatserver\debug\chatserver.tlog\cl.read.1.tlog
d:\c++project\project-about-c--\iocp聊天室\chatserver\chatserver\debug\chatserver.tlog\cl.write.1.tlog
d:\c++project\project-about-c--\iocp聊天室\chatserver\chatserver\debug\chatserver.tlog\link.command.1.tlog
d:\c++project\project-about-c--\iocp聊天室\chatserver\chatserver\debug\chatserver.tlog\link.read.1.tlog
d:\c++project\project-about-c--\iocp聊天室\chatserver\chatserver\debug\chatserver.tlog\link.write.1.tlog
